<?xml version="1.0" encoding="UTF-8"?>
<!-- Generated by org.testng.reporters.JUnitReportReporter -->
<testsuite skipped="0" hostname="DESKTOP-VNUEGKJ" name="com.omr.test.OMRBranchClub" tests="6" failures="0" timestamp="27 Jun 2022 07:47:04 GMT" time="7.900" errors="0">
  <testcase name="login" time="4.774" classname="com.omr.test.OMRBranchClub"/>
  <testcase name="addAddress" time="0.689" classname="com.omr.test.OMRBranchClub"/>
  <testcase name="updateAddress" time="0.441" classname="com.omr.test.OMRBranchClub"/>
  <testcase name="getAddress" time="0.600" classname="com.omr.test.OMRBranchClub"/>
  <testcase name="deleteAddress" time="0.378" classname="com.omr.test.OMRBranchClub"/>
  <testcase name="changeProfilePic" time="1.018" classname="com.omr.test.OMRBranchClub"/>
</testsuite> <!-- com.omr.test.OMRBranchClub -->
